  main.c
c:\dev\github_v1\github_v1\client.h(82): warning C4098: 'clientState': 'void' function returning a value
c:\dev\github_v1\github_v1\client.h(88): warning C4098: 'clientState': 'void' function returning a value
c:\dev\github_v1\github_v1\client.h(94): warning C4098: 'clientState': 'void' function returning a value
c:\dev\github_v1\github_v1\client.h(203): warning C4244: '-=': conversion from 'double' to 'float', possible loss of data
c:\dev\github_v1\github_v1\client.h(208): warning C4244: '+=': conversion from 'double' to 'float', possible loss of data
c:\dev\github_v1\github_v1\client.h(213): warning C4244: '-=': conversion from 'double' to 'float', possible loss of data
c:\dev\github_v1\github_v1\client.h(218): warning C4244: '+=': conversion from 'double' to 'float', possible loss of data
c:\dev\github_v1\github_v1\client.h(120): warning C4244: 'initializing': conversion from 'Uint64' to 'long', possible loss of data
c:\dev\github_v1\github_v1\client.h(121): warning C4244: 'initializing': conversion from 'Uint64' to 'long', possible loss of data
c:\dev\github_v1\github_v1\client.h(132): warning C4244: 'initializing': conversion from 'Uint64' to 'long', possible loss of data
c:\dev\github_v1\github_v1\client.h(266): warning C4244: 'initializing': conversion from 'float' to 'int', possible loss of data
c:\dev\github_v1\github_v1\client.h(271): warning C4244: 'initializing': conversion from 'float' to 'int', possible loss of data
c:\dev\github_v1\github_v1\client.h(276): warning C4244: 'initializing': conversion from 'float' to 'int', possible loss of data
c:\dev\github_v1\github_v1\client.h(108): warning C4101: 'ball_Y1': unreferenced local variable
c:\dev\github_v1\github_v1\client.h(108): warning C4101: 'ball_X1': unreferenced local variable
c:\dev\github_v1\github_v1\client.h(287): warning C4029: declared formal parameter list different from definition
c:\dev\github_v1\github_v1\client.h(291): warning C4244: '-=': conversion from 'double' to 'float', possible loss of data
c:\dev\github_v1\github_v1\client.h(298): warning C4244: '+=': conversion from 'double' to 'float', possible loss of data
c:\dev\github_v1\github_v1\client.h(306): warning C4244: '+=': conversion from 'double' to 'float', possible loss of data
c:\dev\github_v1\github_v1\client.h(313): warning C4244: '-=': conversion from 'double' to 'float', possible loss of data
c:\dev\github_v1\github_v1\client.h(356): warning C4028: formal parameter 1 different from declaration
c:\dev\github_v1\github_v1\server.h(54): warning C4098: 'serverState': 'void' function returning a value
c:\dev\github_v1\github_v1\server.h(75): warning C4244: 'initializing': conversion from 'Uint64' to 'long', possible loss of data
c:\dev\github_v1\github_v1\server.h(76): warning C4244: 'initializing': conversion from 'Uint64' to 'long', possible loss of data
c:\dev\github_v1\github_v1\server.h(85): warning C4244: 'initializing': conversion from 'Uint64' to 'long', possible loss of data
c:\dev\github_v1\github_v1\main.c(17): warning C4028: formal parameter 2 different from declaration
c:\dev\github_v1\github_v1\main.c(34): warning C4013: 'gets' undefined; assuming extern returning int
c:\dev\github_v1\github_v1\main.c(18): warning C4101: 'render': unreferenced local variable
  Github_v1.vcxproj -> C:\Dev\Github_v1\Debug\Github_v1.exe
